-encoding
UTF-8
-outxml
-source
6
-target
6
-classpath
D:\xuzhf\Research\apache-maven-3.3.3\repo\antlr\antlr\2.7.6\antlr-2.7.6.jar;D:\xuzhf\Research\apache-maven-3.3.3\repo\aopalliance\aopalliance\1.0\aopalliance-1.0.jar;D:\xuzhf\Research\apache-maven-3.3.3\repo\cglib\cglib-nodep\2.2.2\cglib-nodep-2.2.2.jar;D:\xuzhf\Research\apache-maven-3.3.3\repo\com\google\appengine\appengine-api-1.0-sdk\1.5.1\appengine-api-1.0-sdk-1.5.1.jar;D:\xuzhf\Research\apache-maven-3.3.3\repo\com\google\appengine\appengine-api-1.0-sdk\1.5.1\appengine-api-1.0-sdk-1.5.1.jar;D:\xuzhf\Research\apache-maven-3.3.3\repo\com\google\gwt\gwt-servlet\2.4.0\gwt-servlet-2.4.0.jar;D:\xuzhf\Research\apache-maven-3.3.3\repo\com\google\gwt\gwt-user\2.4.0\gwt-user-2.4.0.jar;D:\xuzhf\Research\apache-maven-3.3.3\repo\com\google\gwt\inject\gin\1.5.0\gin-1.5.0.jar;D:\xuzhf\Research\apache-maven-3.3.3\repo\com\google\inject\guice\3.0-rc2\guice-3.0-rc2.jar;D:\xuzhf\Research\apache-maven-3.3.3\repo\com\google\inject\extensions\guice-assistedinject\3.0-rc2\guice-assistedinject-3.0-rc2.jar;D:\xuzhf\Research\apache-maven-3.3.3\repo\commons-beanutils\commons-beanutils\1.8.3\commons-beanutils-1.8.3.jar;D:\xuzhf\Research\apache-maven-3.3.3\repo\commons-codec\commons-codec\1.5\commons-codec-1.5.jar;D:\xuzhf\Research\apache-maven-3.3.3\repo\commons-collections\commons-collections\3.1\commons-collections-3.1.jar;D:\xuzhf\Research\apache-maven-3.3.3\repo\commons-dbcp\commons-dbcp\1.3\commons-dbcp-1.3.jar;D:\xuzhf\Research\apache-maven-3.3.3\repo\commons-digester\commons-digester\2.1\commons-digester-2.1.jar;D:\xuzhf\Research\apache-maven-3.3.3\repo\commons-fileupload\commons-fileupload\1.2.2\commons-fileupload-1.2.2.jar;D:\xuzhf\Research\apache-maven-3.3.3\repo\commons-io\commons-io\2.1\commons-io-2.1.jar;D:\xuzhf\Research\apache-maven-3.3.3\repo\commons-pool\commons-pool\1.5.6\commons-pool-1.5.6.jar;D:\xuzhf\Research\apache-maven-3.3.3\repo\dom4j\dom4j\1.6.1\dom4j-1.6.1.jar;D:\xuzhf\Research\apache-maven-3.3.3\repo\javassist\javassist\3.12.0.GA\javassist-3.12.0.GA.jar;D:\xuzhf\Research\apache-maven-3.3.3\repo\javax\el\el-api\1.0\el-api-1.0.jar;D:\xuzhf\Research\apache-maven-3.3.3\repo\javax\inject\javax.inject\1\javax.inject-1.jar;D:\xuzhf\Research\apache-maven-3.3.3\repo\javax\servlet\servlet-api\2.5\servlet-api-2.5.jar;D:\xuzhf\Research\apache-maven-3.3.3\repo\javax\servlet\jsp\jsp-api\2.1\jsp-api-2.1.jar;D:\xuzhf\Research\apache-maven-3.3.3\repo\javax\servlet\jsp\jstl\jstl-api\1.2\jstl-api-1.2.jar;D:\xuzhf\Research\apache-maven-3.3.3\repo\javax\transaction\jta\1.1\jta-1.1.jar;D:\xuzhf\Research\apache-maven-3.3.3\repo\javax\validation\validation-api\1.0.0.GA\validation-api-1.0.0.GA-sources.jar;D:\xuzhf\Research\apache-maven-3.3.3\repo\javax\validation\validation-api\1.0.0.GA\validation-api-1.0.0.GA.jar;D:\xuzhf\Research\apache-maven-3.3.3\repo\joda-time\joda-time\1.6\joda-time-1.6.jar;D:\xuzhf\Research\apache-maven-3.3.3\repo\junit\junit\4.10\junit-4.10.jar;D:\xuzhf\Research\apache-maven-3.3.3\repo\log4j\log4j\1.2.16\log4j-1.2.16.jar;D:\xuzhf\Research\apache-maven-3.3.3\repo\net\sf\flexjson\flexjson\2.1\flexjson-2.1.jar;D:\xuzhf\Research\apache-maven-3.3.3\repo\org\apache\commons\commons-lang3\3.1\commons-lang3-3.1.jar;D:\xuzhf\Research\apache-maven-3.3.3\repo\org\apache\derby\derby\10.8.2.2\derby-10.8.2.2.jar;D:\xuzhf\Research\apache-maven-3.3.3\repo\org\aspectj\aspectjrt\1.8.7\aspectjrt-1.8.7.jar;D:\xuzhf\Research\apache-maven-3.3.3\repo\org\aspectj\aspectjweaver\1.8.7\aspectjweaver-1.8.7.jar;D:\xuzhf\Research\apache-maven-3.3.3\repo\org\glassfish\web\jstl-impl\1.2\jstl-impl-1.2.jar;D:\xuzhf\Research\apache-maven-3.3.3\repo\org\hibernate\hibernate-commons-annotations\3.2.0.Final\hibernate-commons-annotations-3.2.0.Final.jar;D:\xuzhf\Research\apache-maven-3.3.3\repo\org\hibernate\hibernate-core\3.6.9.Final\hibernate-core-3.6.9.Final.jar;D:\xuzhf\Research\apache-maven-3.3.3\repo\org\hibernate\hibernate-entitymanager\3.6.9.Final\hibernate-entitymanager-3.6.9.Final.jar;D:\xuzhf\Research\apache-maven-3.3.3\repo\org\hibernate\hibernate-validator\4.2.0.Final\hibernate-validator-4.2.0.Final.jar;D:\xuzhf\Research\apache-maven-3.3.3\repo\org\hibernate\javax\persistence\hibernate-jpa-2.0-api\1.0.1.Final\hibernate-jpa-2.0-api-1.0.1.Final.jar;D:\xuzhf\Research\apache-maven-3.3.3\repo\org\json\json\20090211\json-20090211.jar;D:\xuzhf\Research\apache-maven-3.3.3\repo\org\slf4j\jcl-over-slf4j\1.6.4\jcl-over-slf4j-1.6.4.jar;D:\xuzhf\Research\apache-maven-3.3.3\repo\org\slf4j\slf4j-api\1.6.4\slf4j-api-1.6.4.jar;D:\xuzhf\Research\apache-maven-3.3.3\repo\org\slf4j\slf4j-log4j12\1.6.4\slf4j-log4j12-1.6.4.jar;D:\xuzhf\Research\apache-maven-3.3.3\repo\org\springframework\spring-aop\3.1.0.RELEASE\spring-aop-3.1.0.RELEASE.jar;D:\xuzhf\Research\apache-maven-3.3.3\repo\org\springframework\spring-asm\3.1.0.RELEASE\spring-asm-3.1.0.RELEASE.jar;D:\xuzhf\Research\apache-maven-3.3.3\repo\org\springframework\spring-aspects\3.1.0.RELEASE\spring-aspects-3.1.0.RELEASE.jar;D:\xuzhf\Research\apache-maven-3.3.3\repo\org\springframework\spring-beans\3.1.0.RELEASE\spring-beans-3.1.0.RELEASE.jar;D:\xuzhf\Research\apache-maven-3.3.3\repo\org\springframework\spring-context\3.1.0.RELEASE\spring-context-3.1.0.RELEASE.jar;D:\xuzhf\Research\apache-maven-3.3.3\repo\org\springframework\spring-context-support\3.1.0.RELEASE\spring-context-support-3.1.0.RELEASE.jar;D:\xuzhf\Research\apache-maven-3.3.3\repo\org\springframework\spring-core\3.1.0.RELEASE\spring-core-3.1.0.RELEASE.jar;D:\xuzhf\Research\apache-maven-3.3.3\repo\org\springframework\spring-expression\3.1.0.RELEASE\spring-expression-3.1.0.RELEASE.jar;D:\xuzhf\Research\apache-maven-3.3.3\repo\org\springframework\spring-jdbc\3.1.0.RELEASE\spring-jdbc-3.1.0.RELEASE.jar;D:\xuzhf\Research\apache-maven-3.3.3\repo\org\springframework\spring-orm\3.1.0.RELEASE\spring-orm-3.1.0.RELEASE.jar;D:\xuzhf\Research\apache-maven-3.3.3\repo\org\springframework\spring-test\3.1.0.RELEASE\spring-test-3.1.0.RELEASE.jar;D:\xuzhf\Research\apache-maven-3.3.3\repo\org\springframework\spring-tx\3.1.0.RELEASE\spring-tx-3.1.0.RELEASE.jar;D:\xuzhf\Research\apache-maven-3.3.3\repo\org\springframework\spring-web\3.1.0.RELEASE\spring-web-3.1.0.RELEASE.jar;D:\xuzhf\Research\apache-maven-3.3.3\repo\org\springframework\spring-webmvc\3.1.0.RELEASE\spring-webmvc-3.1.0.RELEASE.jar;D:\xuzhf\Research\apache-maven-3.3.3\repo\org\springframework\data\spring-data-commons-core\1.1.0.RELEASE\spring-data-commons-core-1.1.0.RELEASE.jar;D:\xuzhf\Research\apache-maven-3.3.3\repo\org\springframework\data\spring-data-jpa\1.0.2.RELEASE\spring-data-jpa-1.0.2.RELEASE.jar;D:\xuzhf\Research\apache-maven-3.3.3\repo\org\springframework\roo\org.springframework.roo.annotations\1.2.1.RELEASE\org.springframework.roo.annotations-1.2.1.RELEASE.jar;D:\xuzhf\Research\apache-maven-3.3.3\repo\org\springframework\webflow\spring-js-resources\2.2.1.RELEASE\spring-js-resources-2.2.1.RELEASE.jar;C:\Users\xuzhf\git\conference\core\target\core-0.1.0.BUILD-SNAPSHOT.jar;D:\xuzhf\Research\apache-maven-3.3.3\repo\xalan\serializer\2.7.1\serializer-2.7.1.jar;D:\xuzhf\Research\apache-maven-3.3.3\repo\xalan\xalan\2.7.1\xalan-2.7.1.jar;D:\xuzhf\Research\apache-maven-3.3.3\repo\xml-apis\xml-apis\1.3.04\xml-apis-1.3.04.jar;C:\Users\xuzhf\git\conference\view\gwt\target\gwt-0.1.0.BUILD-SNAPSHOT\WEB-INF\classes
-aspectpath
D:\xuzhf\Research\apache-maven-3.3.3\repo\org\springframework\spring-aspects\3.1.0.RELEASE\spring-aspects-3.1.0.RELEASE.jar
-d
C:\Users\xuzhf\git\conference\view\gwt\target\gwt-0.1.0.BUILD-SNAPSHOT\WEB-INF\classes
C:\Users\xuzhf\git\conference\view\gwt\src\main\java\org\xebia\conference\view\gwt\client\scaffold\ui\CollectionRenderer.java
C:\Users\xuzhf\git\conference\view\gwt\src\main\java\org\xebia\conference\view\gwt\client\managed\ui\SpeakerListEditor.java
C:\Users\xuzhf\git\conference\view\gwt\src\main\java\org\xebia\conference\view\gwt\client\scaffold\gae\GaeHelper.java
C:\Users\xuzhf\git\conference\view\gwt\src\main\java\org\xebia\conference\view\gwt\client\managed\activity\TalkActivitiesMapper_Roo_Gwt.java
C:\Users\xuzhf\git\conference\view\gwt\src\main\java\org\xebia\conference\view\gwt\client\scaffold\request\EventSourceRequestTransport.java
C:\Users\xuzhf\git\conference\view\gwt\src\main\java\org\xebia\conference\view\gwt\server\locator\SpeakerLocator.java
C:\Users\xuzhf\git\conference\view\gwt\src\main\java\org\xebia\conference\view\gwt\client\managed\ui\SpeakerProxyRenderer.java
C:\Users\xuzhf\git\conference\view\gwt\src\main\java\org\xebia\conference\view\gwt\client\scaffold\ui\ByteParser.java
C:\Users\xuzhf\git\conference\view\gwt\src\main\java\org\xebia\conference\view\gwt\client\managed\ui\SpeakerMobileDetailsView.java
C:\Users\xuzhf\git\conference\view\gwt\src\main\java\org\xebia\conference\view\gwt\client\scaffold\ui\MobileProxyListView.java
C:\Users\xuzhf\git\conference\view\gwt\src\main\java\org\xebia\conference\view\gwt\client\managed\ui\SpeakerMobileDetailsView_Roo_Gwt.java
C:\Users\xuzhf\git\conference\view\gwt\src\main\java\org\xebia\conference\view\gwt\client\managed\request\ApplicationRequestFactory.java
C:\Users\xuzhf\git\conference\view\gwt\src\main\java\org\xebia\conference\view\gwt\client\managed\ui\TalkDetailsView.java
C:\Users\xuzhf\git\conference\view\gwt\src\main\java\org\xebia\conference\view\gwt\client\scaffold\place\FindAndEditProxy.java
C:\Users\xuzhf\git\conference\view\gwt\src\main\java\org\xebia\conference\view\gwt\client\managed\activity\SpeakerDetailsActivity.java
C:\Users\xuzhf\git\conference\view\gwt\src\main\java\org\xebia\conference\view\gwt\client\managed\activity\TalkListActivity_Roo_Gwt.java
C:\Users\xuzhf\git\conference\view\gwt\src\main\java\org\xebia\conference\view\gwt\client\scaffold\place\ProxyPlace.java
C:\Users\xuzhf\git\conference\view\gwt\src\main\java\org\xebia\conference\view\gwt\client\managed\ui\TalkListView.java
C:\Users\xuzhf\git\conference\view\gwt\src\main\java\org\xebia\conference\view\gwt\client\managed\activity\ApplicationMasterActivities_Roo_Gwt.java
C:\Users\xuzhf\git\conference\view\gwt\src\main\java\org\xebia\conference\view\gwt\client\scaffold\ui\FloatRenderer.java
C:\Users\xuzhf\git\conference\view\gwt\src\main\java\org\xebia\conference\view\gwt\client\managed\activity\ApplicationMasterActivities.java
C:\Users\xuzhf\git\conference\view\gwt\src\main\java\org\xebia\conference\view\gwt\client\managed\ui\TalkListEditor_Roo_Gwt.java
C:\Users\xuzhf\git\conference\view\gwt\src\main\java\org\xebia\conference\view\gwt\client\managed\activity\SpeakerEditActivityWrapper.java
C:\Users\xuzhf\git\conference\view\gwt\src\main\java\org\xebia\conference\view\gwt\client\managed\ui\ApplicationListPlaceRenderer_Roo_Gwt.java
C:\Users\xuzhf\git\conference\view\gwt\src\main\java\org\xebia\conference\view\gwt\client\request\SpeakerRequest.java
C:\Users\xuzhf\git\conference\view\gwt\src\main\java\org\xebia\conference\view\gwt\client\managed\activity\TalkDetailsActivity_Roo_Gwt.java
C:\Users\xuzhf\git\conference\view\gwt\src\main\java\org\xebia\conference\view\gwt\client\scaffold\ui\FloatParser.java
C:\Users\xuzhf\git\conference\view\gwt\src\main\java\org\xebia\conference\view\gwt\client\managed\ui\TalkDetailsView_Roo_Gwt.java
C:\Users\xuzhf\git\conference\view\gwt\src\main\java\org\xebia\conference\view\gwt\client\scaffold\ui\ByteRenderer.java
C:\Users\xuzhf\git\conference\view\gwt\src\main\java\org\xebia\conference\view\gwt\client\managed\ui\TalkMobileListView.java
C:\Users\xuzhf\git\conference\view\gwt\src\main\java\org\xebia\conference\view\gwt\shared\scaffold\ScaffoldRequestFactory.java
C:\Users\xuzhf\git\conference\view\gwt\src\main\java\org\xebia\conference\view\gwt\client\managed\ui\TalkMobileEditView_Roo_Gwt.java
C:\Users\xuzhf\git\conference\view\gwt\src\main\java\org\xebia\conference\view\gwt\client\scaffold\place\PlaceHistoryFactory.java
C:\Users\xuzhf\git\conference\view\gwt\src\main\java\org\xebia\conference\view\gwt\client\managed\activity\SpeakerListActivity_Roo_Gwt.java
C:\Users\xuzhf\git\conference\view\gwt\src\main\java\org\xebia\conference\view\gwt\client\scaffold\place\ProxyListPlacePicker.java
C:\Users\xuzhf\git\conference\view\gwt\src\main\java\org\xebia\conference\view\gwt\client\scaffold\ui\BigDecimalRenderer.java
C:\Users\xuzhf\git\conference\view\gwt\src\main\java\org\xebia\conference\view\gwt\client\managed\activity\ScaffoldMobileActivities.java
C:\Users\xuzhf\git\conference\view\gwt\src\main\java\org\xebia\conference\view\gwt\client\managed\activity\SpeakerListActivity.java
C:\Users\xuzhf\git\conference\view\gwt\src\main\java\org\xebia\conference\view\gwt\client\scaffold\ioc\InjectorWrapper.java
C:\Users\xuzhf\git\conference\view\gwt\src\main\java\org\xebia\conference\view\gwt\client\managed\ui\SpeakerMobileListView_Roo_Gwt.java
C:\Users\xuzhf\git\conference\view\gwt\src\main\java\org\xebia\conference\view\gwt\client\scaffold\ioc\ScaffoldInjector.java
C:\Users\xuzhf\git\conference\view\gwt\src\main\java\org\xebia\conference\view\gwt\client\managed\ui\TalkSetEditor.java
C:\Users\xuzhf\git\conference\view\gwt\src\main\java\org\xebia\conference\view\gwt\client\managed\ui\TalkSetEditor_Roo_Gwt.java
C:\Users\xuzhf\git\conference\view\gwt\src\main\java\org\xebia\conference\view\gwt\client\scaffold\Scaffold.java
C:\Users\xuzhf\git\conference\view\gwt\src\main\java\org\xebia\conference\view\gwt\client\scaffold\ScaffoldDesktopShell.java
C:\Users\xuzhf\git\conference\view\gwt\src\main\java\org\xebia\conference\view\gwt\client\managed\ui\ApplicationListPlaceRenderer.java
C:\Users\xuzhf\git\conference\view\gwt\src\main\java\org\xebia\conference\view\gwt\client\managed\request\ApplicationEntityTypesProcessor.java
C:\Users\xuzhf\git\conference\view\gwt\src\main\java\org\xebia\conference\view\gwt\client\scaffold\ioc\MobileInjectorWrapper.java
C:\Users\xuzhf\git\conference\view\gwt\src\main\java\org\xebia\conference\view\gwt\client\managed\ui\TalkMobileListView_Roo_Gwt.java
C:\Users\xuzhf\git\conference\view\gwt\src\main\java\org\xebia\conference\view\gwt\client\managed\ui\SpeakerDetailsView.java
C:\Users\xuzhf\git\conference\view\gwt\src\main\java\org\xebia\conference\view\gwt\client\managed\activity\TalkEditActivityWrapper_Roo_Gwt.java
C:\Users\xuzhf\git\conference\view\gwt\src\main\java\org\xebia\conference\view\gwt\client\scaffold\place\ScaffoldPlaceHistoryMapper.java
C:\Users\xuzhf\git\conference\view\gwt\src\main\java\org\xebia\conference\view\gwt\client\managed\ui\SpeakerMobileEditView_Roo_Gwt.java
C:\Users\xuzhf\git\conference\view\gwt\src\main\java\org\xebia\conference\view\gwt\client\managed\ui\SpeakerDetailsView_Roo_Gwt.java
C:\Users\xuzhf\git\conference\view\gwt\src\main\java\org\xebia\conference\view\gwt\client\managed\ui\SpeakerListView.java
C:\Users\xuzhf\git\conference\view\gwt\src\main\java\org\xebia\conference\view\gwt\client\scaffold\place\ProxyListView.java
C:\Users\xuzhf\git\conference\view\gwt\src\main\java\org\xebia\conference\view\gwt\client\scaffold\ui\CharBox.java
C:\Users\xuzhf\git\conference\view\gwt\src\main\java\org\xebia\conference\view\gwt\client\scaffold\ui\CharParser.java
C:\Users\xuzhf\git\conference\view\gwt\src\main\java\org\xebia\conference\view\gwt\client\managed\activity\TalkDetailsActivity.java
C:\Users\xuzhf\git\conference\view\gwt\src\main\java\org\xebia\conference\view\gwt\client\scaffold\ioc\DesktopInjector.java
C:\Users\xuzhf\git\conference\view\gwt\src\main\java\org\xebia\conference\view\gwt\client\scaffold\place\AbstractProxyListView.java
C:\Users\xuzhf\git\conference\view\gwt\src\main\java\org\xebia\conference\view\gwt\client\scaffold\ScaffoldMobileApp.java
C:\Users\xuzhf\git\conference\view\gwt\src\main\java\org\xebia\conference\view\gwt\client\scaffold\place\CollectionRenderer.java
C:\Users\xuzhf\git\conference\view\gwt\src\main\java\org\xebia\conference\view\gwt\server\locator\TalkLocator.java
C:\Users\xuzhf\git\conference\view\gwt\src\main\java\org\xebia\conference\view\gwt\client\managed\ui\SpeakerEditView.java
C:\Users\xuzhf\git\conference\view\gwt\src\main\java\org\xebia\conference\view\gwt\client\scaffold\ScaffoldMobileShell.java
C:\Users\xuzhf\git\conference\view\gwt\src\main\java\org\xebia\conference\view\gwt\client\scaffold\place\ProxyEditView.java
C:\Users\xuzhf\git\conference\view\gwt\src\main\java\org\xebia\conference\view\gwt\client\proxy\TalkProxy.java
C:\Users\xuzhf\git\conference\view\gwt\src\main\java\org\xebia\conference\view\gwt\client\scaffold\ioc\MobileInjector.java
C:\Users\xuzhf\git\conference\view\gwt\src\main\java\org\xebia\conference\view\gwt\server\CustomServiceLayerDecorator.java
C:\Users\xuzhf\git\conference\view\gwt\src\main\java\org\xebia\conference\view\gwt\client\scaffold\ioc\ScaffoldModule.java
C:\Users\xuzhf\git\conference\view\gwt\src\main\java\org\xebia\conference\view\gwt\client\scaffold\ui\ShortBox.java
C:\Users\xuzhf\git\conference\view\gwt\src\main\java\org\xebia\conference\view\gwt\server\locator\GwtServiceLocator.java
C:\Users\xuzhf\git\conference\view\gwt\src\main\java\org\xebia\conference\view\gwt\client\managed\ui\TalkMobileDetailsView.java
C:\Users\xuzhf\git\conference\view\gwt\src\main\java\org\xebia\conference\view\gwt\client\scaffold\activity\IsScaffoldMobileActivity.java
C:\Users\xuzhf\git\conference\view\gwt\src\main\java\org\xebia\conference\view\gwt\client\managed\activity\ApplicationDetailsActivities.java
C:\Users\xuzhf\git\conference\view\gwt\src\main\java\org\xebia\conference\view\gwt\client\scaffold\ui\LoginWidget.java
C:\Users\xuzhf\git\conference\view\gwt\src\main\java\org\xebia\conference\view\gwt\client\managed\ui\TalkProxyRenderer.java
C:\Users\xuzhf\git\conference\view\gwt\src\main\java\org\xebia\conference\view\gwt\client\managed\ui\SpeakerListView_Roo_Gwt.java
C:\Users\xuzhf\git\conference\view\gwt\src\main\java\org\xebia\conference\view\gwt\client\proxy\SpeakerProxy.java
C:\Users\xuzhf\git\conference\view\gwt\src\main\java\org\xebia\conference\view\gwt\client\managed\ui\TalkMobileEditView.java
C:\Users\xuzhf\git\conference\view\gwt\src\main\java\org\xebia\conference\view\gwt\client\scaffold\ui\BigDecimalParser.java
C:\Users\xuzhf\git\conference\view\gwt\src\main\java\org\xebia\conference\view\gwt\client\request\TalkRequest.java
C:\Users\xuzhf\git\conference\view\gwt\src\main\java\org\xebia\conference\view\gwt\client\scaffold\place\CreateAndEditProxy.java
C:\Users\xuzhf\git\conference\view\gwt\src\main\java\org\xebia\conference\view\gwt\client\scaffold\place\ProxyDetailsView.java
C:\Users\xuzhf\git\conference\view\gwt\src\main\java\org\xebia\conference\view\gwt\server\CustomRequestFactoryServlet.java
C:\Users\xuzhf\git\conference\view\gwt\src\main\java\org\xebia\conference\view\gwt\client\managed\activity\ApplicationDetailsActivities_Roo_Gwt.java
C:\Users\xuzhf\git\conference\view\gwt\src\main\java\org\xebia\conference\view\gwt\client\managed\ui\SpeakerEditView_Roo_Gwt.java
C:\Users\xuzhf\git\conference\view\gwt\src\main\java\org\xebia\conference\view\gwt\client\managed\ui\SpeakerListEditor_Roo_Gwt.java
C:\Users\xuzhf\git\conference\view\gwt\src\main\java\org\xebia\conference\view\gwt\client\managed\ui\SpeakerMobileEditView.java
C:\Users\xuzhf\git\conference\view\gwt\src\main\java\org\xebia\conference\view\gwt\client\scaffold\place\ProxyListPlace.java
C:\Users\xuzhf\git\conference\view\gwt\src\main\java\org\xebia\conference\view\gwt\client\scaffold\ui\CharRenderer.java
C:\Users\xuzhf\git\conference\view\gwt\src\main\java\org\xebia\conference\view\gwt\client\managed\activity\SpeakerDetailsActivity_Roo_Gwt.java
C:\Users\xuzhf\git\conference\view\gwt\src\main\java\org\xebia\conference\view\gwt\client\managed\activity\SpeakerActivitiesMapper.java
C:\Users\xuzhf\git\conference\view\gwt\src\main\java\org\xebia\conference\view\gwt\client\scaffold\ScaffoldApp.java
C:\Users\xuzhf\git\conference\view\gwt\src\main\java\org\xebia\conference\view\gwt\client\managed\activity\SpeakerActivitiesMapper_Roo_Gwt.java
C:\Users\xuzhf\git\conference\view\gwt\src\main\java\org\xebia\conference\view\gwt\client\managed\ui\TalkListEditor.java
C:\Users\xuzhf\git\conference\view\gwt\src\main\java\org\xebia\conference\view\gwt\client\managed\activity\TalkEditActivityWrapper.java
C:\Users\xuzhf\git\conference\view\gwt\src\main\java\org\xebia\conference\view\gwt\client\managed\ui\TalkListView_Roo_Gwt.java
C:\Users\xuzhf\git\conference\view\gwt\src\main\java\org\xebia\conference\view\gwt\client\managed\ui\SpeakerSetEditor_Roo_Gwt.java
C:\Users\xuzhf\git\conference\view\gwt\src\main\java\org\xebia\conference\view\gwt\client\scaffold\ui\ByteBox.java
C:\Users\xuzhf\git\conference\view\gwt\src\main\java\org\xebia\conference\view\gwt\client\managed\ui\TalkMobileDetailsView_Roo_Gwt.java
C:\Users\xuzhf\git\conference\view\gwt\src\main\java\org\xebia\conference\view\gwt\client\managed\ui\TalkEditView_Roo_Gwt.java
C:\Users\xuzhf\git\conference\view\gwt\src\main\java\org\xebia\conference\view\gwt\client\scaffold\ui\ShortRenderer.java
C:\Users\xuzhf\git\conference\view\gwt\src\main\java\org\xebia\conference\view\gwt\client\managed\ui\TalkEditView.java
C:\Users\xuzhf\git\conference\view\gwt\src\main\java\org\xebia\conference\view\gwt\client\managed\ui\SpeakerSetEditor.java
C:\Users\xuzhf\git\conference\view\gwt\src\main\java\org\xebia\conference\view\gwt\client\scaffold\ScaffoldDesktopApp.java
C:\Users\xuzhf\git\conference\view\gwt\src\main\java\org\xebia\conference\view\gwt\client\style\MobileListResources.java
C:\Users\xuzhf\git\conference\view\gwt\src\main\java\org\xebia\conference\view\gwt\client\managed\ui\SpeakerMobileListView.java
C:\Users\xuzhf\git\conference\view\gwt\src\main\java\org\xebia\conference\view\gwt\client\scaffold\ui\ShortParser.java
C:\Users\xuzhf\git\conference\view\gwt\src\main\java\org\xebia\conference\view\gwt\client\scaffold\place\AbstractProxyListActivity.java
C:\Users\xuzhf\git\conference\view\gwt\src\main\java\org\xebia\conference\view\gwt\client\scaffold\place\ProxyPlaceToListPlace.java
C:\Users\xuzhf\git\conference\view\gwt\src\main\java\org\xebia\conference\view\gwt\client\scaffold\request\RequestEvent.java
C:\Users\xuzhf\git\conference\view\gwt\src\main\java\org\xebia\conference\view\gwt\client\scaffold\ui\BigDecimalBox.java
C:\Users\xuzhf\git\conference\view\gwt\src\main\java\org\xebia\conference\view\gwt\client\managed\activity\TalkActivitiesMapper.java
C:\Users\xuzhf\git\conference\view\gwt\src\main\java\org\xebia\conference\view\gwt\client\managed\activity\TalkListActivity.java
C:\Users\xuzhf\git\conference\view\gwt\src\main\java\org\xebia\conference\view\gwt\client\scaffold\place\AbstractProxyEditActivity.java
C:\Users\xuzhf\git\conference\view\gwt\src\main\java\org\xebia\conference\view\gwt\client\scaffold\ioc\DesktopInjectorWrapper.java
C:\Users\xuzhf\git\conference\view\gwt\src\main\java\org\xebia\conference\view\gwt\client\scaffold\ui\FloatBox.java
C:\Users\xuzhf\git\conference\view\gwt\src\main\java\org\xebia\conference\view\gwt\client\managed\activity\SpeakerEditActivityWrapper_Roo_Gwt.java
