-encoding
UTF-8
-outxml
-source
1.6
-target
1.6
-classpath
D:\xuzhf\Research\apache-maven-3.3.3\repo\antlr\antlr\2.7.6\antlr-2.7.6.jar;D:\xuzhf\Research\apache-maven-3.3.3\repo\aopalliance\aopalliance\1.0\aopalliance-1.0.jar;D:\xuzhf\Research\apache-maven-3.3.3\repo\cglib\cglib-nodep\2.2.2\cglib-nodep-2.2.2.jar;D:\xuzhf\Research\apache-maven-3.3.3\repo\commons-codec\commons-codec\1.6\commons-codec-1.6.jar;D:\xuzhf\Research\apache-maven-3.3.3\repo\commons-collections\commons-collections\3.1\commons-collections-3.1.jar;D:\xuzhf\Research\apache-maven-3.3.3\repo\commons-dbcp\commons-dbcp\1.3\commons-dbcp-1.3.jar;D:\xuzhf\Research\apache-maven-3.3.3\repo\commons-io\commons-io\2.1\commons-io-2.1.jar;D:\xuzhf\Research\apache-maven-3.3.3\repo\commons-pool\commons-pool\1.5.6\commons-pool-1.5.6.jar;D:\xuzhf\Research\apache-maven-3.3.3\repo\dom4j\dom4j\1.6.1\dom4j-1.6.1.jar;D:\xuzhf\Research\apache-maven-3.3.3\repo\javassist\javassist\3.12.0.GA\javassist-3.12.0.GA.jar;D:\xuzhf\Research\apache-maven-3.3.3\repo\javax\servlet\servlet-api\2.5\servlet-api-2.5.jar;D:\xuzhf\Research\apache-maven-3.3.3\repo\javax\transaction\jta\1.1\jta-1.1.jar;D:\xuzhf\Research\apache-maven-3.3.3\repo\javax\validation\validation-api\1.0.0.GA\validation-api-1.0.0.GA.jar;D:\xuzhf\Research\apache-maven-3.3.3\repo\junit\junit\4.10\junit-4.10.jar;D:\xuzhf\Research\apache-maven-3.3.3\repo\log4j\log4j\1.2.16\log4j-1.2.16.jar;D:\xuzhf\Research\apache-maven-3.3.3\repo\net\sf\flexjson\flexjson\2.1\flexjson-2.1.jar;D:\xuzhf\Research\apache-maven-3.3.3\repo\org\apache\commons\commons-lang3\3.1\commons-lang3-3.1.jar;D:\xuzhf\Research\apache-maven-3.3.3\repo\org\apache\derby\derby\10.8.2.2\derby-10.8.2.2.jar;D:\xuzhf\Research\apache-maven-3.3.3\repo\org\aspectj\aspectjrt\1.8.7\aspectjrt-1.8.7.jar;D:\xuzhf\Research\apache-maven-3.3.3\repo\org\aspectj\aspectjweaver\1.8.7\aspectjweaver-1.8.7.jar;D:\xuzhf\Research\apache-maven-3.3.3\repo\org\hibernate\hibernate-commons-annotations\3.2.0.Final\hibernate-commons-annotations-3.2.0.Final.jar;D:\xuzhf\Research\apache-maven-3.3.3\repo\org\hibernate\hibernate-core\3.6.9.Final\hibernate-core-3.6.9.Final.jar;D:\xuzhf\Research\apache-maven-3.3.3\repo\org\hibernate\hibernate-entitymanager\3.6.9.Final\hibernate-entitymanager-3.6.9.Final.jar;D:\xuzhf\Research\apache-maven-3.3.3\repo\org\hibernate\hibernate-validator\4.2.0.Final\hibernate-validator-4.2.0.Final.jar;D:\xuzhf\Research\apache-maven-3.3.3\repo\org\hibernate\javax\persistence\hibernate-jpa-2.0-api\1.0.1.Final\hibernate-jpa-2.0-api-1.0.1.Final.jar;D:\xuzhf\Research\apache-maven-3.3.3\repo\org\slf4j\jcl-over-slf4j\1.6.4\jcl-over-slf4j-1.6.4.jar;D:\xuzhf\Research\apache-maven-3.3.3\repo\org\slf4j\slf4j-api\1.6.4\slf4j-api-1.6.4.jar;D:\xuzhf\Research\apache-maven-3.3.3\repo\org\slf4j\slf4j-log4j12\1.6.4\slf4j-log4j12-1.6.4.jar;D:\xuzhf\Research\apache-maven-3.3.3\repo\org\springframework\spring-aop\3.1.0.RELEASE\spring-aop-3.1.0.RELEASE.jar;D:\xuzhf\Research\apache-maven-3.3.3\repo\org\springframework\spring-asm\3.1.0.RELEASE\spring-asm-3.1.0.RELEASE.jar;D:\xuzhf\Research\apache-maven-3.3.3\repo\org\springframework\spring-aspects\3.1.0.RELEASE\spring-aspects-3.1.0.RELEASE.jar;D:\xuzhf\Research\apache-maven-3.3.3\repo\org\springframework\spring-beans\3.1.0.RELEASE\spring-beans-3.1.0.RELEASE.jar;D:\xuzhf\Research\apache-maven-3.3.3\repo\org\springframework\spring-context\3.1.0.RELEASE\spring-context-3.1.0.RELEASE.jar;D:\xuzhf\Research\apache-maven-3.3.3\repo\org\springframework\spring-context-support\3.1.0.RELEASE\spring-context-support-3.1.0.RELEASE.jar;D:\xuzhf\Research\apache-maven-3.3.3\repo\org\springframework\spring-core\3.1.0.RELEASE\spring-core-3.1.0.RELEASE.jar;D:\xuzhf\Research\apache-maven-3.3.3\repo\org\springframework\spring-expression\3.1.0.RELEASE\spring-expression-3.1.0.RELEASE.jar;D:\xuzhf\Research\apache-maven-3.3.3\repo\org\springframework\spring-jdbc\3.1.0.RELEASE\spring-jdbc-3.1.0.RELEASE.jar;D:\xuzhf\Research\apache-maven-3.3.3\repo\org\springframework\spring-orm\3.1.0.RELEASE\spring-orm-3.1.0.RELEASE.jar;D:\xuzhf\Research\apache-maven-3.3.3\repo\org\springframework\spring-test\3.1.0.RELEASE\spring-test-3.1.0.RELEASE.jar;D:\xuzhf\Research\apache-maven-3.3.3\repo\org\springframework\spring-tx\3.1.0.RELEASE\spring-tx-3.1.0.RELEASE.jar;D:\xuzhf\Research\apache-maven-3.3.3\repo\org\springframework\data\spring-data-commons-core\1.1.0.RELEASE\spring-data-commons-core-1.1.0.RELEASE.jar;D:\xuzhf\Research\apache-maven-3.3.3\repo\org\springframework\data\spring-data-jpa\1.0.2.RELEASE\spring-data-jpa-1.0.2.RELEASE.jar;D:\xuzhf\Research\apache-maven-3.3.3\repo\org\springframework\roo\org.springframework.roo.annotations\1.2.1.RELEASE\org.springframework.roo.annotations-1.2.1.RELEASE.jar;C:\Users\xuzhf\git\conference\core\target\classes
-aspectpath
D:\xuzhf\Research\apache-maven-3.3.3\repo\org\springframework\spring-aspects\3.1.0.RELEASE\spring-aspects-3.1.0.RELEASE.jar
-d
C:\Users\xuzhf\git\conference\core\target\classes
C:\Users\xuzhf\git\conference\core\src\main\java\org\xebia\conference\core\service\SpeakerService.java
C:\Users\xuzhf\git\conference\core\src\main\java\org\xebia\conference\core\domain\Speaker.java
C:\Users\xuzhf\git\conference\core\src\main\java\org\xebia\conference\core\repository\SpeakerRepository.java
C:\Users\xuzhf\git\conference\core\src\main\java\org\xebia\conference\core\service\TalkServiceImpl.java
C:\Users\xuzhf\git\conference\core\src\main\java\org\xebia\conference\core\domain\Talk.java
C:\Users\xuzhf\git\conference\core\src\main\java\org\xebia\conference\core\repository\TalkRepository.java
C:\Users\xuzhf\git\conference\core\src\main\java\org\xebia\conference\core\service\TalkService.java
C:\Users\xuzhf\git\conference\core\src\main\java\org\xebia\conference\core\service\SpeakerServiceImpl.java
